<?xml version="1.0" encoding="UTF-8"?>
<!-- Generated by org.testng.reporters.JUnitReportReporter -->
<testsuite hostname="DESKTOP-RVTGE37" name="com.investaSolutions.bankPortal.tests.BankPortalTest" tests="1" failures="0" timestamp="13 Sep 2019 13:31:57 GMT" time="26.775" errors="0">
  <testcase name="verifyDetailsPresentOnAMProfilePageTest" time="26.775" classname="com.investaSolutions.bankPortal.tests.BankPortalTest"/>
</testsuite> <!-- com.investaSolutions.bankPortal.tests.BankPortalTest -->
