<?xml version="1.0" encoding="UTF-8"?>
<!-- Generated by org.testng.reporters.JUnitReportReporter -->
<testsuite hostname="MPL-11S7LQ2" name="com.investaSolutions.assetManagerPortal.tests.LoginTest" tests="1" failures="0" timestamp="7 Aug 2019 06:19:04 GMT" time="14.373" errors="0">
  <testcase name="testUserLoginFunctionality" time="14.373" classname="com.investaSolutions.assetManagerPortal.tests.LoginTest"/>
</testsuite> <!-- com.investaSolutions.assetManagerPortal.tests.LoginTest -->
