<?xml version="1.0" encoding="UTF-8"?>
<!-- Generated by org.testng.reporters.JUnitReportReporter -->
<testsuite hostname="MPL-11S7LQ2" name="com.investaSolutions.adminPortal.tests.AdminSoftwareVendorsTest" tests="1" failures="0" timestamp="9 Aug 2019 06:38:03 GMT" time="2.300" errors="0">
  <testcase name="verifySoftwareVendorsPageDetailsTest" time="2.300" classname="com.investaSolutions.adminPortal.tests.AdminSoftwareVendorsTest"/>
</testsuite> <!-- com.investaSolutions.adminPortal.tests.AdminSoftwareVendorsTest -->
