<?xml version="1.0" encoding="UTF-8"?>
<!-- Generated by org.testng.reporters.JUnitReportReporter -->
<testsuite hostname="MPL-11S7LQ2" name="com.investaSolutions.adminPortal.tests.AdminUserManagementTest" tests="1" failures="0" timestamp="13 Aug 2019 12:03:00 GMT" time="14.275" errors="0">
  <testcase name="verifyAdminUserManagementPageDetailsTest" time="14.275" classname="com.investaSolutions.adminPortal.tests.AdminUserManagementTest"/>
</testsuite> <!-- com.investaSolutions.adminPortal.tests.AdminUserManagementTest -->
