<?xml version="1.0" encoding="UTF-8"?>
<!-- Generated by org.testng.reporters.JUnitReportReporter -->
<testsuite hostname="MPL-11S7LQ2" name="com.investaSolutions.adminPortal.tests.AdminBenchmarkManagementTest" tests="1" failures="1" timestamp="14 Aug 2019 11:13:37 GMT" time="10.858" errors="0">
  <testcase name="verifyInstrumentManagementPageDetailsTest" time="10.858" classname="com.investaSolutions.adminPortal.tests.AdminBenchmarkManagementTest">
    <failure type="java.lang.AssertionError" message="Admin Portal - Benchmark Management Page Details Verification Failed. Expected Details to be displayed were [ Benchmark Management, D, Benchmark Name, Provider, Currency, Last Price, Last Price Date, Date Added, Global Filter, Back, New Benchmark ] expected [true] but found [false]">
      <![CDATA[java.lang.AssertionError: Admin Portal - Benchmark Management Page Details Verification Failed. Expected Details to be displayed were [ Benchmark Management, D, Benchmark Name, Provider, Currency, Last Price, Last Price Date, Date Added, Global Filter, Back, New Benchmark ] expected [true] but found [false]
	at org.testng.Assert.fail(Assert.java:94)
	at org.testng.Assert.failNotEquals(Assert.java:496)
	at org.testng.Assert.assertTrue(Assert.java:42)
	at com.investaSolutions.adminPortal.tests.AdminBenchmarkManagementTest.verifyInstrumentManagementPageDetailsTest(AdminBenchmarkManagementTest.java:43)
	at sun.reflect.NativeMethodAccessorImpl.invoke0(Native Method)
	at sun.reflect.NativeMethodAccessorImpl.invoke(Unknown Source)
	at sun.reflect.DelegatingMethodAccessorImpl.invoke(Unknown Source)
	at java.lang.reflect.Method.invoke(Unknown Source)
	at org.testng.internal.MethodInvocationHelper.invokeMethod(MethodInvocationHelper.java:85)
	at org.testng.internal.Invoker.invokeMethod(Invoker.java:639)
	at org.testng.internal.Invoker.invokeTestMethod(Invoker.java:816)
	at org.testng.internal.Invoker.invokeTestMethods(Invoker.java:1124)
	at org.testng.internal.TestMethodWorker.invokeTestMethods(TestMethodWorker.java:125)
	at org.testng.internal.TestMethodWorker.run(TestMethodWorker.java:108)
	at org.testng.TestRunner.privateRun(TestRunner.java:774)
	at org.testng.TestRunner.run(TestRunner.java:624)
	at org.testng.SuiteRunner.runTest(SuiteRunner.java:359)
	at org.testng.SuiteRunner.runSequentially(SuiteRunner.java:354)
	at org.testng.SuiteRunner.privateRun(SuiteRunner.java:312)
	at org.testng.SuiteRunner.run(SuiteRunner.java:261)
	at org.testng.SuiteRunnerWorker.runSuite(SuiteRunnerWorker.java:52)
	at org.testng.SuiteRunnerWorker.run(SuiteRunnerWorker.java:86)
	at org.testng.TestNG.runSuitesSequentially(TestNG.java:1215)
	at org.testng.TestNG.runSuitesLocally(TestNG.java:1140)
	at org.testng.TestNG.run(TestNG.java:1048)
	at org.testng.remote.AbstractRemoteTestNG.run(AbstractRemoteTestNG.java:114)
	at org.testng.remote.RemoteTestNG.initAndRun(RemoteTestNG.java:251)
	at org.testng.remote.RemoteTestNG.main(RemoteTestNG.java:77)
]]>
    </failure>
  </testcase> <!-- verifyInstrumentManagementPageDetailsTest -->
</testsuite> <!-- com.investaSolutions.adminPortal.tests.AdminBenchmarkManagementTest -->
