<?xml version="1.0" encoding="UTF-8"?>
<!-- Generated by org.testng.reporters.JUnitReportReporter -->
<testsuite hostname="MPL-11S7LQ2" name="com.investaSolutions.tests.DisconnectTest" tests="1" failures="0" timestamp="2 Aug 2019 10:37:05 GMT" time="6.813" errors="0">
  <testcase name="verifyDisconnectButtonIsDisplayed" time="6.813" classname="com.investaSolutions.tests.DisconnectTest"/>
</testsuite> <!-- com.investaSolutions.tests.DisconnectTest -->
