<?xml version="1.0" encoding="UTF-8"?>
<!-- Generated by org.testng.reporters.JUnitReportReporter -->
<testsuite hostname="MPL-11S7LQ2" name="com.investaSolutions.tests.VerifyPortfolioModelApprovalTest" tests="1" failures="0" timestamp="17 Jul 2019 10:20:59 GMT" time="12.959" errors="0">
  <testcase name="testPortfolioModelApprovalTest" time="12.959" classname="com.investaSolutions.tests.VerifyPortfolioModelApprovalTest"/>
</testsuite> <!-- com.investaSolutions.tests.VerifyPortfolioModelApprovalTest -->
