<?xml version="1.0" encoding="UTF-8"?>
<!-- Generated by org.testng.reporters.JUnitReportReporter -->
<testsuite hostname="DESKTOP-MFEMF1B" name="com.RoughWork.SequentialExecutionOfTest" tests="4" failures="0" timestamp="20 Jul 2020 13:02:42 GMT" time="0.097" errors="0">
  <testcase name="Test2" time="0.003" classname="com.RoughWork.SequentialExecutionOfTest"/>
  <testcase name="Test1" time="0.091" classname="com.RoughWork.SequentialExecutionOfTest"/>
  <testcase name="Test3" time="0.001" classname="com.RoughWork.SequentialExecutionOfTest"/>
  <testcase name="Test4" time="0.002" classname="com.RoughWork.SequentialExecutionOfTest"/>
</testsuite> <!-- com.RoughWork.SequentialExecutionOfTest -->
