<?xml version="1.0" encoding="UTF-8"?>
<!-- Generated by org.testng.reporters.JUnitReportReporter -->
<testsuite hostname="MPL-11S7LQ2" name="com.investaSolutions.adminPortal.tests.AdminAMManagementTest" tests="1" failures="0" timestamp="9 Aug 2019 06:38:03 GMT" time="2.353" errors="0">
  <testcase name="verifyAssetManagerManagementPageDetailsTest" time="2.353" classname="com.investaSolutions.adminPortal.tests.AdminAMManagementTest"/>
</testsuite> <!-- com.investaSolutions.adminPortal.tests.AdminAMManagementTest -->
