<?xml version="1.0" encoding="UTF-8"?>
<!-- Generated by org.testng.reporters.JUnitReportReporter -->
<testsuite hostname="MPL-11S7LQ2" name="com.investaSolutions.tests.AMPortfolioModelApprovalTest" tests="1" failures="0" timestamp="2 Aug 2019 10:37:05 GMT" time="3.263" errors="0">
  <testcase name="verifyPortfolioModelApprovalDetailsTest" time="3.263" classname="com.investaSolutions.tests.AMPortfolioModelApprovalTest"/>
</testsuite> <!-- com.investaSolutions.tests.AMPortfolioModelApprovalTest -->
