<?xml version="1.0" encoding="UTF-8"?>
<!-- Generated by org.testng.reporters.JUnitReportReporter -->
<testsuite hostname="MPL-11S7LQ2" name="com.investaSolutions.tests.LoginTest" tests="1" failures="0" timestamp="2 Aug 2019 10:37:05 GMT" time="123.540" errors="0">
  <testcase name="testUserLoginFunctionality" time="123.540" classname="com.investaSolutions.tests.LoginTest"/>
</testsuite> <!-- com.investaSolutions.tests.LoginTest -->
