<?xml version="1.0" encoding="UTF-8"?>
<!-- Generated by org.testng.reporters.JUnitReportReporter -->
<testsuite hostname="MPL-11S7LQ2" name="com.investaSolutions.bankPortal.tests.BankUsersTest" tests="1" failures="0" timestamp="23 Aug 2019 09:24:20 GMT" time="19.150" errors="0">
  <testcase name="deleteBankUserTest" time="19.150" classname="com.investaSolutions.bankPortal.tests.BankUsersTest"/>
</testsuite> <!-- com.investaSolutions.bankPortal.tests.BankUsersTest -->
