<?xml version="1.0" encoding="UTF-8"?>
<!-- Generated by org.testng.reporters.JUnitReportReporter -->
<testsuite hostname="MPL-11S7LQ2" name="com.investaSolutions.tests.VerifyPortfolioModelManagementTest" tests="1" failures="0" timestamp="17 Jul 2019 05:58:04 GMT" time="1.434" errors="0">
  <testcase name="testPortfolioModelManagementTest" time="1.434" classname="com.investaSolutions.tests.VerifyPortfolioModelManagementTest"/>
</testsuite> <!-- com.investaSolutions.tests.VerifyPortfolioModelManagementTest -->
