<?xml version="1.0" encoding="UTF-8"?>
<!-- Generated by org.testng.reporters.JUnitReportReporter -->
<testsuite hostname="MD-5Q679F2" failures="0" tests="1" name="com.investaSolutions.bankPortal.tests.BankPortalTest" time="21.318" errors="0" timestamp="30 Aug 2019 12:57:26 GMT">
  <testcase classname="com.investaSolutions.bankPortal.tests.BankPortalTest" name="verifyDetailsPresentOnAMProfilePageTest" time="21.318"/>
</testsuite> <!-- com.investaSolutions.bankPortal.tests.BankPortalTest -->
