<?xml version="1.0" encoding="UTF-8"?>
<!-- Generated by org.testng.reporters.JUnitReportReporter -->
<testsuite hostname="MPL-11S7LQ2" name="com.investaSolutions.adminPortal.tests.AdminInstrumentManagementTest" tests="1" failures="0" timestamp="14 Aug 2019 07:05:10 GMT" time="10.927" errors="0">
  <testcase name="verifyInstrumentManagementPageDetailsTest" time="10.927" classname="com.investaSolutions.adminPortal.tests.AdminInstrumentManagementTest"/>
</testsuite> <!-- com.investaSolutions.adminPortal.tests.AdminInstrumentManagementTest -->
