<?xml version="1.0" encoding="UTF-8"?>
<!-- Generated by org.testng.reporters.JUnitReportReporter -->
<testsuite hostname="MPL-11S7LQ2" name="com.investaSolutions.bankPortal.tests.BankRiskTest" tests="2" failures="0" timestamp="21 Aug 2019 09:12:29 GMT" time="15.099" errors="0">
  <testcase name="verifyRiskAnalyticsDetailsTest" time="12.748" classname="com.investaSolutions.bankPortal.tests.BankRiskTest"/>
  <testcase name="verifyRiskOtherDetailsTest" time="2.351" classname="com.investaSolutions.bankPortal.tests.BankRiskTest"/>
</testsuite> <!-- com.investaSolutions.bankPortal.tests.BankRiskTest -->
