<?xml version="1.0" encoding="UTF-8"?>
<!-- Generated by org.testng.reporters.JUnitReportReporter -->
<testsuite hostname="MPL-11S7LQ2" name="com.investaSolutions.adminPortal.tests.AdminPortalTest" tests="1" failures="0" timestamp="9 Aug 2019 06:38:03 GMT" time="12.385" errors="0">
  <testcase name="verifyBankPortalDetailsTest" time="12.385" classname="com.investaSolutions.adminPortal.tests.AdminPortalTest"/>
</testsuite> <!-- com.investaSolutions.adminPortal.tests.AdminPortalTest -->
