<?xml version="1.0" encoding="UTF-8"?>
<!-- Generated by org.testng.reporters.JUnitReportReporter -->
<testsuite hostname="MPL-11S7LQ2" name="com.investaSolutions.tests.AssetManagerPortalTest" tests="2" failures="0" timestamp="24 Jul 2019 08:04:09 GMT" time="6.394" errors="0">
  <testcase name="verifyAssetManagerPortalDetailsTest" time="3.015" classname="com.investaSolutions.tests.AssetManagerPortalTest"/>
  <testcase name="verifyLanguagesTest" time="3.379" classname="com.investaSolutions.tests.AssetManagerPortalTest"/>
</testsuite> <!-- com.investaSolutions.tests.AssetManagerPortalTest -->
