<?xml version="1.0" encoding="UTF-8"?>
<!-- Generated by org.testng.reporters.JUnitReportReporter -->
<testsuite hostname="MPL-11S7LQ2" name="com.investaSolutions.bankPortal.tests.BankModelsTest" tests="1" failures="0" timestamp="9 Aug 2019 08:10:27 GMT" time="16.559" errors="0">
  <testcase name="verifyBankPortalModelsPageDetailsTest" time="16.559" classname="com.investaSolutions.bankPortal.tests.BankModelsTest"/>
</testsuite> <!-- com.investaSolutions.bankPortal.tests.BankModelsTest -->
