<?xml version="1.0" encoding="UTF-8"?>
<!-- Generated by org.testng.reporters.JUnitReportReporter -->
<testsuite hostname="MPL-11S7LQ2" name="com.investaSolutions.tests.AMProfileTest" tests="1" failures="0" timestamp="2 Aug 2019 10:37:05 GMT" time="1.775" errors="0">
  <testcase name="verifyDetailsOnProfilePage" time="1.775" classname="com.investaSolutions.tests.AMProfileTest"/>
</testsuite> <!-- com.investaSolutions.tests.AMProfileTest -->
